#
# There is insufficient memory for the Java Runtime Environment to continue.
# Native memory allocation (malloc) failed to allocate 1048576 bytes. Error detail: AllocateHeap
# Possible reasons:
#   The system is out of physical RAM or swap space
#   This process is running with CompressedOops enabled, and the Java Heap may be blocking the growth of the native heap
# Possible solutions:
#   Reduce memory load on the system
#   Increase physical memory or swap space
#   Check if swap backing store is full
#   Decrease Java heap size (-Xmx/-Xms)
#   Decrease number of Java threads
#   Decrease Java thread stack sizes (-Xss)
#   Set larger code cache with -XX:ReservedCodeCacheSize=
#   JVM is running with Unscaled Compressed Oops mode in which the Java heap is
#     placed in the first 4GB address space. The Java Heap base address is the
#     maximum limit for the native heap growth. Please use -XX:HeapBaseMinAddress
#     to set the Java Heap base and to place the Java Heap above 4GB virtual address.
# This output file may be truncated or incomplete.
#
#  Out of Memory Error (allocation.cpp:44), pid=13736, tid=15208
#
# JRE version: OpenJDK Runtime Environment Temurin-21.0.10+7 (21.0.10+7) (build 21.0.10+7-LTS)
# Java VM: OpenJDK 64-Bit Server VM Temurin-21.0.10+7 (21.0.10+7-LTS, mixed mode, sharing, tiered, compressed oops, compressed class ptrs, parallel gc, windows-amd64)
# No core dump will be written. Minidumps are not enabled by default on client versions of Windows
#

---------------  S U M M A R Y ------------

Command Line: --add-modules=ALL-SYSTEM --add-opens=java.base/java.util=ALL-UNNAMED --add-opens=java.base/java.lang=ALL-UNNAMED --add-opens=java.base/sun.nio.fs=ALL-UNNAMED -Declipse.application=org.eclipse.jdt.ls.core.id1 -Dosgi.bundles.defaultStartLevel=4 -Declipse.product=org.eclipse.jdt.ls.core.product -Djava.import.generatesMetadataFilesAtProjectRoot=false -DDetectVMInstallationsJob.disabled=true -Dfile.encoding=utf8 -XX:+UseParallelGC -XX:GCTimeRatio=4 -XX:AdaptiveSizePolicyWeight=90 -Dsun.zip.disableMemoryMapping=true -Xmx2G -Xms100m -Xlog:disable -javaagent:c:\Users\APPLE\.cursor\extensions\redhat.java-1.53.0-win32-x64\lombok\lombok-1.18.39-4050.jar -XX:+HeapDumpOnOutOfMemoryError -XX:HeapDumpPath=c:\Users\APPLE\AppData\Roaming\Cursor\User\workspaceStorage\8a7eab98c4f7222ef4ec29a4cf425f98\redhat.java -Daether.dependencyCollector.impl=bf c:\Users\APPLE\.cursor\extensions\redhat.java-1.53.0-win32-x64\server\plugins\org.eclipse.equinox.launcher_1.7.100.v20251111-0406.jar -configuration c:\Users\APPLE\AppData\Roaming\Cursor\User\globalStorage\redhat.java\1.53.0\config_win -data c:\Users\APPLE\AppData\Roaming\Cursor\User\workspaceStorage\8a7eab98c4f7222ef4ec29a4cf425f98\redhat.java\jdt_ws --pipe=\\.\pipe\lsp-8f5d98a5ee9c97edeb0fcf7f818b898f-sock

Host: Intel(R) Core(TM) i7-3635QM CPU @ 2.40GHz, 8 cores, 7G,  Windows 10 , 64 bit Build 19041 (10.0.19041.5915)
Time: Wed Apr  8 23:49:01 2026 SE Asia Standard Time elapsed time: 1197.229332 seconds (0d 0h 19m 57s)

---------------  T H R E A D  ---------------

Current thread (0x00000228f924e8d0):  JavaThread "Attach Listener" daemon [_thread_in_vm, id=15208, stack(0x000000b690800000,0x000000b690900000) (1024K)]

Stack: [0x000000b690800000,0x000000b690900000]
Native frames: (J=compiled Java code, j=interpreted, Vv=VM code, C=native code)
V  [jvm.dll+0x6d7a39]
V  [jvm.dll+0x8b4b26]
V  [jvm.dll+0x8b70de]
V  [jvm.dll+0x8b77c3]
V  [jvm.dll+0x284346]
V  [jvm.dll+0xc1277]
V  [jvm.dll+0x6d82e9]
V  [jvm.dll+0x1334a6]
V  [jvm.dll+0x3f857e]
V  [jvm.dll+0x85f59d]
V  [jvm.dll+0x6d626d]
C  [ucrtbase.dll+0x21bb2]
C  [KERNEL32.DLL+0x17374]
C  [ntdll.dll+0x4cc91]


---------------  P R O C E S S  ---------------

Threads class SMR info:
_java_thread_list=0x00000228c36df030, length=35, elements={
0x00000228e27e0760, 0x00000228f9245e00, 0x00000228f9247710, 0x00000228f924b1b0,
0x00000228f924e8d0, 0x00000228f9250e90, 0x00000228f92542f0, 0x00000228f925ee40,
0x00000228f925fe40, 0x00000228fad865e0, 0x00000228fae204c0, 0x00000228ff5957d0,
0x00000228ff74eb90, 0x00000228ff615260, 0x00000228ff703ea0, 0x00000228c12d6150,
0x00000228c114c1d0, 0x00000228c167b6c0, 0x00000228c16a9da0, 0x00000228c2836330,
0x00000228c2835ca0, 0x00000228c283ab60, 0x00000228c2837050, 0x00000228c2834260,
0x00000228c2837d70, 0x00000228c28397b0, 0x00000228c2838400, 0x00000228c2838a90,
0x00000228c2839e40, 0x00000228c28376e0, 0x00000228c283a4d0, 0x00000228c2835610,
0x00000228c28348f0, 0x00000228c20114a0, 0x00000228c2015cd0
}

Java Threads: ( => current thread )
  0x00000228e27e0760 JavaThread "main"                              [_thread_blocked, id=9748, stack(0x000000b690100000,0x000000b690200000) (1024K)]
  0x00000228f9245e00 JavaThread "Reference Handler"          daemon [_thread_blocked, id=3176, stack(0x000000b690500000,0x000000b690600000) (1024K)]
  0x00000228f9247710 JavaThread "Finalizer"                  daemon [_thread_blocked, id=16196, stack(0x000000b690600000,0x000000b690700000) (1024K)]
  0x00000228f924b1b0 JavaThread "Signal Dispatcher"          daemon [_thread_blocked, id=13684, stack(0x000000b690700000,0x000000b690800000) (1024K)]
=>0x00000228f924e8d0 JavaThread "Attach Listener"            daemon [_thread_in_vm, id=15208, stack(0x000000b690800000,0x000000b690900000) (1024K)]
  0x00000228f9250e90 JavaThread "Service Thread"             daemon [_thread_blocked, id=14828, stack(0x000000b690900000,0x000000b690a00000) (1024K)]
  0x00000228f92542f0 JavaThread "Monitor Deflation Thread"   daemon [_thread_blocked, id=14612, stack(0x000000b690a00000,0x000000b690b00000) (1024K)]
  0x00000228f925ee40 JavaThread "C2 CompilerThread0"         daemon [_thread_blocked, id=12520, stack(0x000000b690b00000,0x000000b690c00000) (1024K)]
  0x00000228f925fe40 JavaThread "C1 CompilerThread0"         daemon [_thread_blocked, id=2752, stack(0x000000b690c00000,0x000000b690d00000) (1024K)]
  0x00000228fad865e0 JavaThread "Common-Cleaner"             daemon [_thread_blocked, id=9928, stack(0x000000b690d00000,0x000000b690e00000) (1024K)]
  0x00000228fae204c0 JavaThread "Notification Thread"        daemon [_thread_blocked, id=1164, stack(0x000000b690e00000,0x000000b690f00000) (1024K)]
  0x00000228ff5957d0 JavaThread "Active Thread: Equinox Container: b1f83534-7417-41b0-add4-bb9dd4462eb7"        [_thread_blocked, id=9332, stack(0x000000b691700000,0x000000b691800000) (1024K)]
  0x00000228ff74eb90 JavaThread "Refresh Thread: Equinox Container: b1f83534-7417-41b0-add4-bb9dd4462eb7" daemon [_thread_blocked, id=4104, stack(0x000000b691900000,0x000000b691a00000) (1024K)]
  0x00000228ff615260 JavaThread "Framework Event Dispatcher: Equinox Container: b1f83534-7417-41b0-add4-bb9dd4462eb7" daemon [_thread_blocked, id=11952, stack(0x000000b690f00000,0x000000b691000000) (1024K)]
  0x00000228ff703ea0 JavaThread "Start Level: Equinox Container: b1f83534-7417-41b0-add4-bb9dd4462eb7" daemon [_thread_blocked, id=2652, stack(0x000000b691600000,0x000000b691700000) (1024K)]
  0x00000228c12d6150 JavaThread "Bundle File Closer"         daemon [_thread_blocked, id=11324, stack(0x000000b691c00000,0x000000b691d00000) (1024K)]
  0x00000228c114c1d0 JavaThread "SCR Component Actor"        daemon [_thread_blocked, id=4912, stack(0x000000b691a00000,0x000000b691b00000) (1024K)]
  0x00000228c167b6c0 JavaThread "Worker-JM"                         [_thread_blocked, id=16180, stack(0x000000b691b00000,0x000000b691c00000) (1024K)]
  0x00000228c16a9da0 JavaThread "Worker-0"                          [_thread_blocked, id=15648, stack(0x000000b691e00000,0x000000b691f00000) (1024K)]
  0x00000228c2836330 JavaThread "Java indexing"              daemon [_thread_blocked, id=4488, stack(0x000000b692200000,0x000000b692300000) (1024K)]
  0x00000228c2835ca0 JavaThread "JNA Cleaner"                daemon [_thread_blocked, id=11596, stack(0x000000b692400000,0x000000b692500000) (1024K)]
  0x00000228c283ab60 JavaThread "Thread-1"                   daemon [_thread_in_native, id=16212, stack(0x000000b692900000,0x000000b692a00000) (1024K)]
  0x00000228c2837050 JavaThread "Thread-2"                   daemon [_thread_in_native, id=13660, stack(0x000000b692a00000,0x000000b692b00000) (1024K)]
  0x00000228c2834260 JavaThread "Thread-3"                   daemon [_thread_in_native, id=7068, stack(0x000000b692b00000,0x000000b692c00000) (1024K)]
  0x00000228c2837d70 JavaThread "Thread-4"                   daemon [_thread_in_native, id=8552, stack(0x000000b692c00000,0x000000b692d00000) (1024K)]
  0x00000228c28397b0 JavaThread "Thread-5"                   daemon [_thread_in_native, id=15652, stack(0x000000b692d00000,0x000000b692e00000) (1024K)]
  0x00000228c2838400 JavaThread "Thread-6"                   daemon [_thread_in_native, id=13000, stack(0x000000b692e00000,0x000000b692f00000) (1024K)]
  0x00000228c2838a90 JavaThread "Thread-7"                   daemon [_thread_in_native, id=7992, stack(0x000000b692f00000,0x000000b693000000) (1024K)]
  0x00000228c2839e40 JavaThread "Thread-8"                   daemon [_thread_in_native, id=7952, stack(0x000000b693000000,0x000000b693100000) (1024K)]
  0x00000228c28376e0 JavaThread "Thread-9"                   daemon [_thread_in_native, id=8616, stack(0x000000b693100000,0x000000b693200000) (1024K)]
  0x00000228c283a4d0 JavaThread "pool-2-thread-1"                   [_thread_blocked, id=3464, stack(0x000000b693200000,0x000000b693300000) (1024K)]
  0x00000228c2835610 JavaThread "WorkspaceEventsHandler"            [_thread_blocked, id=16348, stack(0x000000b693400000,0x000000b693500000) (1024K)]
  0x00000228c28348f0 JavaThread "pool-1-thread-1"                   [_thread_blocked, id=7112, stack(0x000000b693500000,0x000000b693600000) (1024K)]
  0x00000228c20114a0 JavaThread "Worker-11"                         [_thread_blocked, id=14940, stack(0x000000b692000000,0x000000b692100000) (1024K)]
  0x00000228c2015cd0 JavaThread "Compiler Source File Reader" daemon [_thread_blocked, id=15740, stack(0x000000b692300000,0x000000b692400000) (1024K)]
Total: 35

Other Threads:
  0x00000228e2899990 VMThread "VM Thread"                           [id=5092, stack(0x000000b690400000,0x000000b690500000) (1024K)]
  0x00000228e28450e0 WatcherThread "VM Periodic Task Thread"        [id=12040, stack(0x000000b690300000,0x000000b690400000) (1024K)]
  0x00000228e27f6f20 WorkerThread "GC Thread#0"                     [id=7140, stack(0x000000b690200000,0x000000b690300000) (1024K)]
  0x00000228ff31c3e0 WorkerThread "GC Thread#1"                     [id=9644, stack(0x000000b691000000,0x000000b691100000) (1024K)]
  0x00000228ff598e30 WorkerThread "GC Thread#2"                     [id=15928, stack(0x000000b691100000,0x000000b691200000) (1024K)]
  0x00000228ff5991e0 WorkerThread "GC Thread#3"                     [id=14752, stack(0x000000b691200000,0x000000b691300000) (1024K)]
  0x00000228ff5ffc50 WorkerThread "GC Thread#4"                     [id=4092, stack(0x000000b691300000,0x000000b691400000) (1024K)]
  0x00000228ff600000 WorkerThread "GC Thread#5"                     [id=1416, stack(0x000000b691400000,0x000000b691500000) (1024K)]
  0x00000228ff6003b0 WorkerThread "GC Thread#6"                     [id=14172, stack(0x000000b691500000,0x000000b691600000) (1024K)]
  0x00000228c1000770 WorkerThread "GC Thread#7"                     [id=12108, stack(0x000000b691800000,0x000000b691900000) (1024K)]
Total: 10

Threads with active compile tasks:
Total: 0

VM state: not at safepoint (normal execution)

VM Mutex/Monitor currently owned by a thread: None

Heap address: 0x0000000080000000, size: 2048 MB, Compressed Oops mode: 32-bit

CDS archive(s) mapped at: [0x0000022880000000-0x0000022880ba0000-0x0000022880ba0000), size 12189696, SharedBaseAddress: 0x0000022880000000, ArchiveRelocationMode: 1.
Compressed class space mapped at: 0x0000022881000000-0x00000228c1000000, reserved size: 1073741824
Narrow klass base: 0x0000022880000000, Narrow klass shift: 0, Narrow klass range: 0x100000000

GC Precious Log:
 CardTable entry size: 512
 CPUs: 8 total, 8 available
 Memory: 8098M
 Large Page Support: Disabled
 NUMA Support: Disabled
 Compressed Oops: Enabled (32-bit)
 Alignments: Space 512K, Generation 512K, Heap 2M
 Heap Min Capacity: 100M
 Heap Initial Capacity: 100M
 Heap Max Capacity: 2G
 Pre-touch: Disabled
 Parallel Workers: 8

Heap:
 PSYoungGen      total 6144K, used 722K [0x00000000d5580000, 0x00000000d5e80000, 0x0000000100000000)
  eden space 5632K, 6% used [0x00000000d5580000,0x00000000d55dc8c8,0x00000000d5b00000)
  from space 512K, 68% used [0x00000000d5d80000,0x00000000d5dd8000,0x00000000d5e00000)
  to   space 512K, 0% used [0x00000000d5e00000,0x00000000d5e00000,0x00000000d5e80000)
 ParOldGen       total 1203712K, used 1203286K [0x0000000080000000, 0x00000000c9780000, 0x00000000d5580000)
  object space 1203712K, 99% used [0x0000000080000000,0x00000000c9715be0,0x00000000c9780000)
 Metaspace       used 79496K, committed 81152K, reserved 1179648K
  class space    used 8093K, committed 8832K, reserved 1048576K

Card table byte_map: [0x00000228e21b0000,0x00000228e25c0000] _byte_map_base: 0x00000228e1db0000

Marking Bits: (ParMarkBitMap*) 0x00007ffd8bbf3450
 Begin Bits: [0x00000228f4c90000, 0x00000228f6c90000)
 End Bits:   [0x00000228f6c90000, 0x00000228f8c90000)

Polling page: 0x00000228e1fa0000

Metaspace:

Usage:
  Non-class:     69.73 MB used.
      Class:      7.90 MB used.
       Both:     77.63 MB used.

Virtual space:
  Non-class space:      128.00 MB reserved,      70.62 MB ( 55%) committed,  2 nodes.
      Class space:        1.00 GB reserved,       8.62 MB ( <1%) committed,  1 nodes.
             Both:        1.12 GB reserved,      79.25 MB (  7%) committed. 

Chunk freelists:
   Non-Class:  8.59 MB
       Class:  7.41 MB
        Both:  16.01 MB

MaxMetaspaceSize: unlimited
CompressedClassSpaceSize: 1.00 GB
Initial GC threshold: 21.00 MB
Current GC threshold: 125.88 MB
CDS: on
 - commit_granule_bytes: 65536.
 - commit_granule_words: 8192.
 - virtual_space_node_default_size: 8388608.
 - enlarge_chunks_in_place: 1.
 - use_allocation_guard: 0.


Internal statistics:

num_allocs_failed_limit: 9.
num_arena_births: 1416.
num_arena_deaths: 36.
num_vsnodes_births: 3.
num_vsnodes_deaths: 0.
num_space_committed: 1268.
num_space_uncommitted: 0.
num_chunks_returned_to_freelist: 51.
num_chunks_taken_from_freelist: 5119.
num_chunk_merges: 17.
num_chunk_splits: 3094.
num_chunks_enlarged: 1746.
num_inconsistent_stats: 0.

CodeHeap 'non-profiled nmethods': size=120000Kb used=19538Kb max_used=19538Kb free=100461Kb
 bounds [0x00000228ed4b0000, 0x00000228ee7d0000, 0x00000228f49e0000]
CodeHeap 'profiled nmethods': size=120000Kb used=44239Kb max_used=44239Kb free=75760Kb
 bounds [0x00000228e59e0000, 0x00000228e8520000, 0x00000228ecf10000]
CodeHeap 'non-nmethods': size=5760Kb used=1501Kb max_used=1599Kb free=4258Kb
 bounds [0x00000228ecf10000, 0x00000228ed180000, 0x00000228ed4b0000]
CodeCache: size=245760Kb, used=65278Kb, max_used=65376Kb, free=180479Kb
 total_blobs=18607, nmethods=17787, adapters=721, full_count=0
Compilation: enabled, stopped_count=0, restarted_count=0

Compilation events (20 events):
Event: 1196.011 Thread 0x00000228f925fe40 19617       3       java.lang.reflect.Method::getGenericInfo (5 bytes)
Event: 1196.012 Thread 0x00000228f925fe40 nmethod 19617 0x00000228e850e090 code [0x00000228e850e2c0, 0x00000228e850eac8]
Event: 1196.015 Thread 0x00000228f925fe40 19618       3       org.eclipse.m2e.core.internal.builder.plexusbuildapi.EclipseResourceBuildDelta::hasDelta (10 bytes)
Event: 1196.015 Thread 0x00000228f925fe40 nmethod 19618 0x00000228e850ee10 code [0x00000228e850efe0, 0x00000228e850f298]
Event: 1196.016 Thread 0x00000228f925fe40 19619       3       org.eclipse.m2e.core.internal.builder.plexusbuildapi.EclipseResourceBuildDelta::getRelativePath (43 bytes)
Event: 1196.017 Thread 0x00000228f925fe40 nmethod 19619 0x00000228e850f410 code [0x00000228e850f640, 0x00000228e850fc40]
Event: 1196.017 Thread 0x00000228f925fe40 19620       3       org.eclipse.m2e.core.internal.builder.plexusbuildapi.EclipseResourceBuildDelta::hasDelta (21 bytes)
Event: 1196.017 Thread 0x00000228f925fe40 nmethod 19620 0x00000228e850ff90 code [0x00000228e8510140, 0x00000228e8510360]
Event: 1196.017 Thread 0x00000228f925fe40 19622       3       java.util.AbstractList::add (11 bytes)
Event: 1196.017 Thread 0x00000228f925fe40 nmethod 19622 0x00000228e8510490 code [0x00000228e8510640, 0x00000228e85108f0]
Event: 1196.017 Thread 0x00000228f925fe40 19621       1       java.lang.Throwable::getMessage (5 bytes)
Event: 1196.018 Thread 0x00000228f925fe40 nmethod 19621 0x00000228ee7c3210 code [0x00000228ee7c33a0, 0x00000228ee7c3468]
Event: 1196.061 Thread 0x00000228f925fe40 19623       3       org.eclipse.core.internal.localstore.FileSystemResourceManager::refresh (88 bytes)
Event: 1196.062 Thread 0x00000228f925fe40 nmethod 19623 0x00000228e8510990 code [0x00000228e8510ba0, 0x00000228e85111a8]
Event: 1196.062 Thread 0x00000228f925fe40 19624       3       org.eclipse.core.internal.localstore.FileSystemResourceManager::refreshResource (168 bytes)
Event: 1196.065 Thread 0x00000228f925fe40 nmethod 19624 0x00000228e8511310 code [0x00000228e8511680, 0x00000228e8512f98]
Event: 1196.066 Thread 0x00000228f925fe40 19625       3       org.eclipse.core.internal.localstore.RefreshLocalAliasVisitor::<init> (6 bytes)
Event: 1196.066 Thread 0x00000228f925fe40 nmethod 19625 0x00000228e8513a90 code [0x00000228e8513c40, 0x00000228e8513d78]
Event: 1196.087 Thread 0x00000228f925ee40 19626       4       org.eclipse.core.internal.localstore.FileStoreRoot::createStore (90 bytes)
Event: 1196.110 Thread 0x00000228f925ee40 nmethod 19626 0x00000228ee7c3510 code [0x00000228ee7c3760, 0x00000228ee7c40f8]

GC Heap History (20 events):
Event: 1017.695 GC heap before
{Heap before GC invocations=2384 (full 4):
 PSYoungGen      total 6144K, used 5856K [0x00000000d5580000, 0x00000000d5e80000, 0x0000000100000000)
  eden space 5632K, 100% used [0x00000000d5580000,0x00000000d5b00000,0x00000000d5b00000)
  from space 512K, 43% used [0x00000000d5d80000,0x00000000d5db8000,0x00000000d5e00000)
  to   space 512K, 0% used [0x00000000d5e00000,0x00000000d5e00000,0x00000000d5e80000)
 ParOldGen       total 1203200K, used 1202926K [0x0000000080000000, 0x00000000c9700000, 0x00000000d5580000)
  object space 1203200K, 99% used [0x0000000080000000,0x00000000c96bbbe0,0x00000000c9700000)
 Metaspace       used 79341K, committed 81024K, reserved 1179648K
  class space    used 8091K, committed 8832K, reserved 1048576K
}
Event: 1017.699 GC heap after
{Heap after GC invocations=2384 (full 4):
 PSYoungGen      total 6144K, used 224K [0x00000000d5580000, 0x00000000d5e80000, 0x0000000100000000)
  eden space 5632K, 0% used [0x00000000d5580000,0x00000000d5580000,0x00000000d5b00000)
  from space 512K, 43% used [0x00000000d5e00000,0x00000000d5e38000,0x00000000d5e80000)
  to   space 512K, 0% used [0x00000000d5d80000,0x00000000d5d80000,0x00000000d5e00000)
 ParOldGen       total 1203200K, used 1202966K [0x0000000080000000, 0x00000000c9700000, 0x00000000d5580000)
  object space 1203200K, 99% used [0x0000000080000000,0x00000000c96c5be0,0x00000000c9700000)
 Metaspace       used 79341K, committed 81024K, reserved 1179648K
  class space    used 8091K, committed 8832K, reserved 1048576K
}
Event: 1030.857 GC heap before
{Heap before GC invocations=2385 (full 4):
 PSYoungGen      total 6144K, used 5856K [0x00000000d5580000, 0x00000000d5e80000, 0x0000000100000000)
  eden space 5632K, 100% used [0x00000000d5580000,0x00000000d5b00000,0x00000000d5b00000)
  from space 512K, 43% used [0x00000000d5e00000,0x00000000d5e38000,0x00000000d5e80000)
  to   space 512K, 0% used [0x00000000d5d80000,0x00000000d5d80000,0x00000000d5e00000)
 ParOldGen       total 1203200K, used 1202966K [0x0000000080000000, 0x00000000c9700000, 0x00000000d5580000)
  object space 1203200K, 99% used [0x0000000080000000,0x00000000c96c5be0,0x00000000c9700000)
 Metaspace       used 79358K, committed 81024K, reserved 1179648K
  class space    used 8091K, committed 8832K, reserved 1048576K
}
Event: 1030.862 GC heap after
{Heap after GC invocations=2385 (full 4):
 PSYoungGen      total 6144K, used 288K [0x00000000d5580000, 0x00000000d5e80000, 0x0000000100000000)
  eden space 5632K, 0% used [0x00000000d5580000,0x00000000d5580000,0x00000000d5b00000)
  from space 512K, 56% used [0x00000000d5d80000,0x00000000d5dc8000,0x00000000d5e00000)
  to   space 512K, 0% used [0x00000000d5e00000,0x00000000d5e00000,0x00000000d5e80000)
 ParOldGen       total 1203200K, used 1202990K [0x0000000080000000, 0x00000000c9700000, 0x00000000d5580000)
  object space 1203200K, 99% used [0x0000000080000000,0x00000000c96cbbe0,0x00000000c9700000)
 Metaspace       used 79358K, committed 81024K, reserved 1179648K
  class space    used 8091K, committed 8832K, reserved 1048576K
}
Event: 1033.722 GC heap before
{Heap before GC invocations=2386 (full 4):
 PSYoungGen      total 6144K, used 5920K [0x00000000d5580000, 0x00000000d5e80000, 0x0000000100000000)
  eden space 5632K, 100% used [0x00000000d5580000,0x00000000d5b00000,0x00000000d5b00000)
  from space 512K, 56% used [0x00000000d5d80000,0x00000000d5dc8000,0x00000000d5e00000)
  to   space 512K, 0% used [0x00000000d5e00000,0x00000000d5e00000,0x00000000d5e80000)
 ParOldGen       total 1203200K, used 1202990K [0x0000000080000000, 0x00000000c9700000, 0x00000000d5580000)
  object space 1203200K, 99% used [0x0000000080000000,0x00000000c96cbbe0,0x00000000c9700000)
 Metaspace       used 79368K, committed 81024K, reserved 1179648K
  class space    used 8091K, committed 8832K, reserved 1048576K
}
Event: 1033.726 GC heap after
{Heap after GC invocations=2386 (full 4):
 PSYoungGen      total 6144K, used 384K [0x00000000d5580000, 0x00000000d5e80000, 0x0000000100000000)
  eden space 5632K, 0% used [0x00000000d5580000,0x00000000d5580000,0x00000000d5b00000)
  from space 512K, 75% used [0x00000000d5e00000,0x00000000d5e60000,0x00000000d5e80000)
  to   space 512K, 0% used [0x00000000d5d80000,0x00000000d5d80000,0x00000000d5e00000)
 ParOldGen       total 1203200K, used 1203030K [0x0000000080000000, 0x00000000c9700000, 0x00000000d5580000)
  object space 1203200K, 99% used [0x0000000080000000,0x00000000c96d5be0,0x00000000c9700000)
 Metaspace       used 79368K, committed 81024K, reserved 1179648K
  class space    used 8091K, committed 8832K, reserved 1048576K
}
Event: 1036.958 GC heap before
{Heap before GC invocations=2387 (full 4):
 PSYoungGen      total 6144K, used 6016K [0x00000000d5580000, 0x00000000d5e80000, 0x0000000100000000)
  eden space 5632K, 100% used [0x00000000d5580000,0x00000000d5b00000,0x00000000d5b00000)
  from space 512K, 75% used [0x00000000d5e00000,0x00000000d5e60000,0x00000000d5e80000)
  to   space 512K, 0% used [0x00000000d5d80000,0x00000000d5d80000,0x00000000d5e00000)
 ParOldGen       total 1203200K, used 1203030K [0x0000000080000000, 0x00000000c9700000, 0x00000000d5580000)
  object space 1203200K, 99% used [0x0000000080000000,0x00000000c96d5be0,0x00000000c9700000)
 Metaspace       used 79373K, committed 81024K, reserved 1179648K
  class space    used 8091K, committed 8832K, reserved 1048576K
}
Event: 1036.962 GC heap after
{Heap after GC invocations=2387 (full 4):
 PSYoungGen      total 6144K, used 256K [0x00000000d5580000, 0x00000000d5e80000, 0x0000000100000000)
  eden space 5632K, 0% used [0x00000000d5580000,0x00000000d5580000,0x00000000d5b00000)
  from space 512K, 50% used [0x00000000d5d80000,0x00000000d5dc0000,0x00000000d5e00000)
  to   space 512K, 0% used [0x00000000d5e00000,0x00000000d5e00000,0x00000000d5e80000)
 ParOldGen       total 1203200K, used 1203070K [0x0000000080000000, 0x00000000c9700000, 0x00000000d5580000)
  object space 1203200K, 99% used [0x0000000080000000,0x00000000c96dfbe0,0x00000000c9700000)
 Metaspace       used 79373K, committed 81024K, reserved 1179648K
  class space    used 8091K, committed 8832K, reserved 1048576K
}
Event: 1037.274 GC heap before
{Heap before GC invocations=2388 (full 4):
 PSYoungGen      total 6144K, used 5888K [0x00000000d5580000, 0x00000000d5e80000, 0x0000000100000000)
  eden space 5632K, 100% used [0x00000000d5580000,0x00000000d5b00000,0x00000000d5b00000)
  from space 512K, 50% used [0x00000000d5d80000,0x00000000d5dc0000,0x00000000d5e00000)
  to   space 512K, 0% used [0x00000000d5e00000,0x00000000d5e00000,0x00000000d5e80000)
 ParOldGen       total 1203200K, used 1203070K [0x0000000080000000, 0x00000000c9700000, 0x00000000d5580000)
  object space 1203200K, 99% used [0x0000000080000000,0x00000000c96dfbe0,0x00000000c9700000)
 Metaspace       used 79395K, committed 81024K, reserved 1179648K
  class space    used 8093K, committed 8832K, reserved 1048576K
}
Event: 1037.278 GC heap after
{Heap after GC invocations=2388 (full 4):
 PSYoungGen      total 6144K, used 352K [0x00000000d5580000, 0x00000000d5e80000, 0x0000000100000000)
  eden space 5632K, 0% used [0x00000000d5580000,0x00000000d5580000,0x00000000d5b00000)
  from space 512K, 68% used [0x00000000d5e00000,0x00000000d5e58000,0x00000000d5e80000)
  to   space 512K, 0% used [0x00000000d5d80000,0x00000000d5d80000,0x00000000d5e00000)
 ParOldGen       total 1203200K, used 1203102K [0x0000000080000000, 0x00000000c9700000, 0x00000000d5580000)
  object space 1203200K, 99% used [0x0000000080000000,0x00000000c96e7be0,0x00000000c9700000)
 Metaspace       used 79395K, committed 81024K, reserved 1179648K
  class space    used 8093K, committed 8832K, reserved 1048576K
}
Event: 1085.990 GC heap before
{Heap before GC invocations=2389 (full 4):
 PSYoungGen      total 6144K, used 5984K [0x00000000d5580000, 0x00000000d5e80000, 0x0000000100000000)
  eden space 5632K, 100% used [0x00000000d5580000,0x00000000d5b00000,0x00000000d5b00000)
  from space 512K, 68% used [0x00000000d5e00000,0x00000000d5e58000,0x00000000d5e80000)
  to   space 512K, 0% used [0x00000000d5d80000,0x00000000d5d80000,0x00000000d5e00000)
 ParOldGen       total 1203200K, used 1203102K [0x0000000080000000, 0x00000000c9700000, 0x00000000d5580000)
  object space 1203200K, 99% used [0x0000000080000000,0x00000000c96e7be0,0x00000000c9700000)
 Metaspace       used 79410K, committed 81024K, reserved 1179648K
  class space    used 8093K, committed 8832K, reserved 1048576K
}
Event: 1085.995 GC heap after
{Heap after GC invocations=2389 (full 4):
 PSYoungGen      total 6144K, used 320K [0x00000000d5580000, 0x00000000d5e80000, 0x0000000100000000)
  eden space 5632K, 0% used [0x00000000d5580000,0x00000000d5580000,0x00000000d5b00000)
  from space 512K, 62% used [0x00000000d5d80000,0x00000000d5dd0000,0x00000000d5e00000)
  to   space 512K, 0% used [0x00000000d5e00000,0x00000000d5e00000,0x00000000d5e80000)
 ParOldGen       total 1203200K, used 1203142K [0x0000000080000000, 0x00000000c9700000, 0x00000000d5580000)
  object space 1203200K, 99% used [0x0000000080000000,0x00000000c96f1be0,0x00000000c9700000)
 Metaspace       used 79410K, committed 81024K, reserved 1179648K
  class space    used 8093K, committed 8832K, reserved 1048576K
}
Event: 1128.103 GC heap before
{Heap before GC invocations=2390 (full 4):
 PSYoungGen      total 6144K, used 5952K [0x00000000d5580000, 0x00000000d5e80000, 0x0000000100000000)
  eden space 5632K, 100% used [0x00000000d5580000,0x00000000d5b00000,0x00000000d5b00000)
  from space 512K, 62% used [0x00000000d5d80000,0x00000000d5dd0000,0x00000000d5e00000)
  to   space 512K, 0% used [0x00000000d5e00000,0x00000000d5e00000,0x00000000d5e80000)
 ParOldGen       total 1203200K, used 1203142K [0x0000000080000000, 0x00000000c9700000, 0x00000000d5580000)
  object space 1203200K, 99% used [0x0000000080000000,0x00000000c96f1be0,0x00000000c9700000)
 Metaspace       used 79439K, committed 81088K, reserved 1179648K
  class space    used 8093K, committed 8832K, reserved 1048576K
}
Event: 1128.108 GC heap after
{Heap after GC invocations=2390 (full 4):
 PSYoungGen      total 6144K, used 320K [0x00000000d5580000, 0x00000000d5e80000, 0x0000000100000000)
  eden space 5632K, 0% used [0x00000000d5580000,0x00000000d5580000,0x00000000d5b00000)
  from space 512K, 62% used [0x00000000d5e00000,0x00000000d5e50000,0x00000000d5e80000)
  to   space 512K, 0% used [0x00000000d5d80000,0x00000000d5d80000,0x00000000d5e00000)
 ParOldGen       total 1203200K, used 1203182K [0x0000000080000000, 0x00000000c9700000, 0x00000000d5580000)
  object space 1203200K, 99% used [0x0000000080000000,0x00000000c96fbbe0,0x00000000c9700000)
 Metaspace       used 79439K, committed 81088K, reserved 1179648K
  class space    used 8093K, committed 8832K, reserved 1048576K
}
Event: 1129.741 GC heap before
{Heap before GC invocations=2391 (full 4):
 PSYoungGen      total 6144K, used 5952K [0x00000000d5580000, 0x00000000d5e80000, 0x0000000100000000)
  eden space 5632K, 100% used [0x00000000d5580000,0x00000000d5b00000,0x00000000d5b00000)
  from space 512K, 62% used [0x00000000d5e00000,0x00000000d5e50000,0x00000000d5e80000)
  to   space 512K, 0% used [0x00000000d5d80000,0x00000000d5d80000,0x00000000d5e00000)
 ParOldGen       total 1203200K, used 1203182K [0x0000000080000000, 0x00000000c9700000, 0x00000000d5580000)
  object space 1203200K, 99% used [0x0000000080000000,0x00000000c96fbbe0,0x00000000c9700000)
 Metaspace       used 79470K, committed 81152K, reserved 1179648K
  class space    used 8093K, committed 8832K, reserved 1048576K
}
Event: 1129.745 GC heap after
{Heap after GC invocations=2391 (full 4):
 PSYoungGen      total 6144K, used 224K [0x00000000d5580000, 0x00000000d5e80000, 0x0000000100000000)
  eden space 5632K, 0% used [0x00000000d5580000,0x00000000d5580000,0x00000000d5b00000)
  from space 512K, 43% used [0x00000000d5d80000,0x00000000d5db8000,0x00000000d5e00000)
  to   space 512K, 0% used [0x00000000d5e00000,0x00000000d5e00000,0x00000000d5e80000)
 ParOldGen       total 1203712K, used 1203214K [0x0000000080000000, 0x00000000c9780000, 0x00000000d5580000)
  object space 1203712K, 99% used [0x0000000080000000,0x00000000c9703be0,0x00000000c9780000)
 Metaspace       used 79470K, committed 81152K, reserved 1179648K
  class space    used 8093K, committed 8832K, reserved 1048576K
}
Event: 1194.486 GC heap before
{Heap before GC invocations=2392 (full 4):
 PSYoungGen      total 6144K, used 5856K [0x00000000d5580000, 0x00000000d5e80000, 0x0000000100000000)
  eden space 5632K, 100% used [0x00000000d5580000,0x00000000d5b00000,0x00000000d5b00000)
  from space 512K, 43% used [0x00000000d5d80000,0x00000000d5db8000,0x00000000d5e00000)
  to   space 512K, 0% used [0x00000000d5e00000,0x00000000d5e00000,0x00000000d5e80000)
 ParOldGen       total 1203712K, used 1203214K [0x0000000080000000, 0x00000000c9780000, 0x00000000d5580000)
  object space 1203712K, 99% used [0x0000000080000000,0x00000000c9703be0,0x00000000c9780000)
 Metaspace       used 79487K, committed 81152K, reserved 1179648K
  class space    used 8093K, committed 8832K, reserved 1048576K
}
Event: 1194.491 GC heap after
{Heap after GC invocations=2392 (full 4):
 PSYoungGen      total 6144K, used 288K [0x00000000d5580000, 0x00000000d5e80000, 0x0000000100000000)
  eden space 5632K, 0% used [0x00000000d5580000,0x00000000d5580000,0x00000000d5b00000)
  from space 512K, 56% used [0x00000000d5e00000,0x00000000d5e48000,0x00000000d5e80000)
  to   space 512K, 0% used [0x00000000d5d80000,0x00000000d5d80000,0x00000000d5e00000)
 ParOldGen       total 1203712K, used 1203254K [0x0000000080000000, 0x00000000c9780000, 0x00000000d5580000)
  object space 1203712K, 99% used [0x0000000080000000,0x00000000c970dbe0,0x00000000c9780000)
 Metaspace       used 79487K, committed 81152K, reserved 1179648K
  class space    used 8093K, committed 8832K, reserved 1048576K
}
Event: 1196.136 GC heap before
{Heap before GC invocations=2393 (full 4):
 PSYoungGen      total 6144K, used 5920K [0x00000000d5580000, 0x00000000d5e80000, 0x0000000100000000)
  eden space 5632K, 100% used [0x00000000d5580000,0x00000000d5b00000,0x00000000d5b00000)
  from space 512K, 56% used [0x00000000d5e00000,0x00000000d5e48000,0x00000000d5e80000)
  to   space 512K, 0% used [0x00000000d5d80000,0x00000000d5d80000,0x00000000d5e00000)
 ParOldGen       total 1203712K, used 1203254K [0x0000000080000000, 0x00000000c9780000, 0x00000000d5580000)
  object space 1203712K, 99% used [0x0000000080000000,0x00000000c970dbe0,0x00000000c9780000)
 Metaspace       used 79496K, committed 81152K, reserved 1179648K
  class space    used 8093K, committed 8832K, reserved 1048576K
}
Event: 1196.142 GC heap after
{Heap after GC invocations=2393 (full 4):
 PSYoungGen      total 6144K, used 352K [0x00000000d5580000, 0x00000000d5e80000, 0x0000000100000000)
  eden space 5632K, 0% used [0x00000000d5580000,0x00000000d5580000,0x00000000d5b00000)
  from space 512K, 68% used [0x00000000d5d80000,0x00000000d5dd8000,0x00000000d5e00000)
  to   space 512K, 0% used [0x00000000d5e00000,0x00000000d5e00000,0x00000000d5e80000)
 ParOldGen       total 1203712K, used 1203286K [0x0000000080000000, 0x00000000c9780000, 0x00000000d5580000)
  object space 1203712K, 99% used [0x0000000080000000,0x00000000c9715be0,0x00000000c9780000)
 Metaspace       used 79496K, committed 81152K, reserved 1179648K
  class space    used 8093K, committed 8832K, reserved 1048576K
}

Dll operation events (14 events):
Event: 0.018 Loaded shared library c:\Users\APPLE\.cursor\extensions\redhat.java-1.53.0-win32-x64\jre\21.0.10-win32-x86_64\bin\java.dll
Event: 0.186 Loaded shared library c:\Users\APPLE\.cursor\extensions\redhat.java-1.53.0-win32-x64\jre\21.0.10-win32-x86_64\bin\zip.dll
Event: 0.245 Loaded shared library C:\Users\APPLE\.cursor\extensions\redhat.java-1.53.0-win32-x64\jre\21.0.10-win32-x86_64\bin\instrument.dll
Event: 0.258 Loaded shared library C:\Users\APPLE\.cursor\extensions\redhat.java-1.53.0-win32-x64\jre\21.0.10-win32-x86_64\bin\net.dll
Event: 0.265 Loaded shared library C:\Users\APPLE\.cursor\extensions\redhat.java-1.53.0-win32-x64\jre\21.0.10-win32-x86_64\bin\nio.dll
Event: 0.274 Loaded shared library C:\Users\APPLE\.cursor\extensions\redhat.java-1.53.0-win32-x64\jre\21.0.10-win32-x86_64\bin\zip.dll
Event: 0.331 Loaded shared library C:\Users\APPLE\.cursor\extensions\redhat.java-1.53.0-win32-x64\jre\21.0.10-win32-x86_64\bin\jimage.dll
Event: 0.532 Loaded shared library c:\Users\APPLE\.cursor\extensions\redhat.java-1.53.0-win32-x64\jre\21.0.10-win32-x86_64\bin\verify.dll
Event: 4.448 Loaded shared library C:\Users\APPLE\AppData\Roaming\Cursor\User\globalStorage\redhat.java\1.53.0\config_win\org.eclipse.equinox.launcher\org.eclipse.equinox.launcher.win32.win32.x86_64_1.3.0.v20260203-2149\eclipse_11919.dll
Event: 7.831 Loaded shared library C:\Users\APPLE\.cursor\extensions\redhat.java-1.53.0-win32-x64\jre\21.0.10-win32-x86_64\bin\management.dll
Event: 7.840 Loaded shared library C:\Users\APPLE\.cursor\extensions\redhat.java-1.53.0-win32-x64\jre\21.0.10-win32-x86_64\bin\management_ext.dll
Event: 11.549 Loaded shared library C:\Users\APPLE\AppData\Local\Temp\jna-62491450\jna18247537475958777544.dll
Event: 12.300 Loaded shared library C:\Users\APPLE\.cursor\extensions\redhat.java-1.53.0-win32-x64\jre\21.0.10-win32-x86_64\bin\sunmscapi.dll
Event: 12.432 Loaded shared library C:\Users\APPLE\.cursor\extensions\redhat.java-1.53.0-win32-x64\jre\21.0.10-win32-x86_64\bin\extnet.dll

Deoptimization events (20 events):
Event: 1005.264 Thread 0x00000228c16a9da0 Uncommon trap: trap_request=0xffffffbe fr.pc=0x00000228ee783cd8 relative=0x00000000000003d8
Event: 1005.264 Thread 0x00000228c16a9da0 Uncommon trap: reason=profile_predicate action=maybe_recompile pc=0x00000228ee783cd8 method=org.eclipse.sisu.plexus.CompositeBeanHelper.findMethod(Ljava/lang/Class;[Ljava/lang/reflect/Type;Ljava/lang/String;Ljava/lang/Class;)Ljava/lang/reflect/Method; @ 2
Event: 1005.264 Thread 0x00000228c16a9da0 DEOPT PACKING pc=0x00000228ee783cd8 sp=0x000000b691efd220
Event: 1005.264 Thread 0x00000228c16a9da0 DEOPT UNPACKING pc=0x00000228ecf63aa2 sp=0x000000b691efd1a8 mode 2
Event: 1005.395 Thread 0x00000228c16a9da0 Uncommon trap: trap_request=0xffffffd6 fr.pc=0x00000228ee785df0 relative=0x0000000000000350
Event: 1005.396 Thread 0x00000228c16a9da0 Uncommon trap: reason=array_check action=maybe_recompile pc=0x00000228ee785df0 method=org.eclipse.sisu.plexus.CompositeBeanHelper.findMethod(Ljava/lang/Class;[Ljava/lang/reflect/Type;Ljava/lang/String;Ljava/lang/Class;)Ljava/lang/reflect/Method; @ 110 c2
Event: 1005.396 Thread 0x00000228c16a9da0 DEOPT PACKING pc=0x00000228ee785df0 sp=0x000000b691efd220
Event: 1005.396 Thread 0x00000228c16a9da0 DEOPT UNPACKING pc=0x00000228ecf63aa2 sp=0x000000b691efd1a0 mode 2
Event: 1005.397 Thread 0x00000228c16a9da0 Uncommon trap: trap_request=0xffffffd6 fr.pc=0x00000228ee785df0 relative=0x0000000000000350
Event: 1005.397 Thread 0x00000228c16a9da0 Uncommon trap: reason=array_check action=maybe_recompile pc=0x00000228ee785df0 method=org.eclipse.sisu.plexus.CompositeBeanHelper.findMethod(Ljava/lang/Class;[Ljava/lang/reflect/Type;Ljava/lang/String;Ljava/lang/Class;)Ljava/lang/reflect/Method; @ 110 c2
Event: 1005.397 Thread 0x00000228c16a9da0 DEOPT PACKING pc=0x00000228ee785df0 sp=0x000000b691efd220
Event: 1005.397 Thread 0x00000228c16a9da0 DEOPT UNPACKING pc=0x00000228ecf63aa2 sp=0x000000b691efd1a0 mode 2
Event: 1005.397 Thread 0x00000228c16a9da0 Uncommon trap: trap_request=0xffffffd6 fr.pc=0x00000228ee785df0 relative=0x0000000000000350
Event: 1005.397 Thread 0x00000228c16a9da0 Uncommon trap: reason=array_check action=maybe_recompile pc=0x00000228ee785df0 method=org.eclipse.sisu.plexus.CompositeBeanHelper.findMethod(Ljava/lang/Class;[Ljava/lang/reflect/Type;Ljava/lang/String;Ljava/lang/Class;)Ljava/lang/reflect/Method; @ 110 c2
Event: 1005.397 Thread 0x00000228c16a9da0 DEOPT PACKING pc=0x00000228ee785df0 sp=0x000000b691efd220
Event: 1005.397 Thread 0x00000228c16a9da0 DEOPT UNPACKING pc=0x00000228ecf63aa2 sp=0x000000b691efd1a0 mode 2
Event: 1005.397 Thread 0x00000228c16a9da0 Uncommon trap: trap_request=0xffffffd6 fr.pc=0x00000228ee785df0 relative=0x0000000000000350
Event: 1005.397 Thread 0x00000228c16a9da0 Uncommon trap: reason=array_check action=maybe_recompile pc=0x00000228ee785df0 method=org.eclipse.sisu.plexus.CompositeBeanHelper.findMethod(Ljava/lang/Class;[Ljava/lang/reflect/Type;Ljava/lang/String;Ljava/lang/Class;)Ljava/lang/reflect/Method; @ 110 c2
Event: 1005.397 Thread 0x00000228c16a9da0 DEOPT PACKING pc=0x00000228ee785df0 sp=0x000000b691efd220
Event: 1005.397 Thread 0x00000228c16a9da0 DEOPT UNPACKING pc=0x00000228ecf63aa2 sp=0x000000b691efd1a0 mode 2

Classes loaded (20 events):
Event: 357.342 Loading class jdk/internal/module/IllegalAccessLogger
Event: 357.342 Loading class jdk/internal/module/IllegalAccessLogger done
Event: 358.940 Loading class jdk/internal/module/IllegalAccessLogger
Event: 358.940 Loading class jdk/internal/module/IllegalAccessLogger done
Event: 362.708 Loading class jdk/internal/module/IllegalAccessLogger
Event: 362.708 Loading class jdk/internal/module/IllegalAccessLogger done
Event: 364.628 Loading class jdk/internal/module/IllegalAccessLogger
Event: 364.628 Loading class jdk/internal/module/IllegalAccessLogger done
Event: 811.598 Loading class jdk/internal/module/IllegalAccessLogger
Event: 811.598 Loading class jdk/internal/module/IllegalAccessLogger done
Event: 836.863 Loading class jdk/internal/module/IllegalAccessLogger
Event: 836.863 Loading class jdk/internal/module/IllegalAccessLogger done
Event: 850.150 Loading class jdk/internal/module/IllegalAccessLogger
Event: 850.150 Loading class jdk/internal/module/IllegalAccessLogger done
Event: 877.375 Loading class jdk/internal/module/IllegalAccessLogger
Event: 877.375 Loading class jdk/internal/module/IllegalAccessLogger done
Event: 890.896 Loading class jdk/internal/module/IllegalAccessLogger
Event: 890.896 Loading class jdk/internal/module/IllegalAccessLogger done
Event: 904.490 Loading class jdk/internal/module/IllegalAccessLogger
Event: 904.490 Loading class jdk/internal/module/IllegalAccessLogger done

Classes unloaded (18 events):
Event: 9.277 Thread 0x00000228e2899990 Unloading class 0x00000228811ac800 'java/lang/invoke/LambdaForm$MH+0x00000228811ac800'
Event: 9.277 Thread 0x00000228e2899990 Unloading class 0x00000228811ac400 'java/lang/invoke/LambdaForm$MH+0x00000228811ac400'
Event: 9.277 Thread 0x00000228e2899990 Unloading class 0x00000228811ac000 'java/lang/invoke/LambdaForm$MH+0x00000228811ac000'
Event: 9.277 Thread 0x00000228e2899990 Unloading class 0x00000228811abc00 'java/lang/invoke/LambdaForm$MH+0x00000228811abc00'
Event: 9.277 Thread 0x00000228e2899990 Unloading class 0x00000228811ab800 'java/lang/invoke/LambdaForm$BMH+0x00000228811ab800'
Event: 9.277 Thread 0x00000228e2899990 Unloading class 0x00000228811ab400 'java/lang/invoke/LambdaForm$DMH+0x00000228811ab400'
Event: 9.277 Thread 0x00000228e2899990 Unloading class 0x00000228811aa000 'java/lang/invoke/LambdaForm$DMH+0x00000228811aa000'
Event: 11.838 Thread 0x00000228e2899990 Unloading class 0x00000228812f9800 'java/lang/invoke/LambdaForm$MH+0x00000228812f9800'
Event: 11.838 Thread 0x00000228e2899990 Unloading class 0x00000228812f8c00 'java/lang/invoke/LambdaForm$MH+0x00000228812f8c00'
Event: 11.838 Thread 0x00000228e2899990 Unloading class 0x00000228812f8400 'java/lang/invoke/LambdaForm$MH+0x00000228812f8400'
Event: 11.838 Thread 0x00000228e2899990 Unloading class 0x00000228812f7c00 'java/lang/invoke/LambdaForm$MH+0x00000228812f7c00'
Event: 11.838 Thread 0x00000228e2899990 Unloading class 0x00000228812f7400 'java/lang/invoke/LambdaForm$DMH+0x00000228812f7400'
Event: 11.838 Thread 0x00000228e2899990 Unloading class 0x00000228812f7000 'java/lang/invoke/LambdaForm$MH+0x00000228812f7000'
Event: 11.838 Thread 0x00000228e2899990 Unloading class 0x00000228812f2000 'java/lang/invoke/LambdaForm$MH+0x00000228812f2000'
Event: 11.838 Thread 0x00000228e2899990 Unloading class 0x00000228812f1800 'java/lang/invoke/LambdaForm$MH+0x00000228812f1800'
Event: 22.215 Thread 0x00000228e2899990 Unloading class 0x0000022881635400 'java/lang/invoke/LambdaForm$DMH+0x0000022881635400'
Event: 22.215 Thread 0x00000228e2899990 Unloading class 0x0000022881635000 'java/lang/invoke/LambdaForm$DMH+0x0000022881635000'
Event: 22.215 Thread 0x00000228e2899990 Unloading class 0x0000022881634800 'java/lang/invoke/LambdaForm$DMH+0x0000022881634800'

Classes redefined (0 events):
No events

Internal exceptions (20 events):
Event: 364.395 Thread 0x00000228c2836330 Exception <a 'sun/nio/fs/WindowsException'{0x00000000d559cba0}> (0x00000000d559cba0) 
thrown [s\src\hotspot\share\prims\jni.cpp, line 520]
Event: 365.032 Thread 0x00000228c2836330 Exception <a 'sun/nio/fs/WindowsException'{0x00000000d5cbcea0}> (0x00000000d5cbcea0) 
thrown [s\src\hotspot\share\prims\jni.cpp, line 520]
Event: 626.697 Thread 0x00000228c3aca450 Exception <a 'sun/nio/fs/WindowsException'{0x00000000d5a869a0}> (0x00000000d5a869a0) 
thrown [s\src\hotspot\share\prims\jni.cpp, line 520]
Event: 626.698 Thread 0x00000228c3aca450 Exception <a 'sun/nio/fs/WindowsException'{0x00000000d5a93058}> (0x00000000d5a93058) 
thrown [s\src\hotspot\share\prims\jni.cpp, line 520]
Event: 811.423 Thread 0x00000228c2836330 Exception <a 'sun/nio/fs/WindowsException'{0x00000000d5744ed0}> (0x00000000d5744ed0) 
thrown [s\src\hotspot\share\prims\jni.cpp, line 520]
Event: 812.433 Thread 0x00000228c2836330 Exception <a 'sun/nio/fs/WindowsException'{0x00000000d567f448}> (0x00000000d567f448) 
thrown [s\src\hotspot\share\prims\jni.cpp, line 520]
Event: 836.036 Thread 0x00000228c2836330 Implicit null exception at 0x00000228ee411c7c to 0x00000228ee413c8c
Event: 836.300 Thread 0x00000228c2836330 Exception <a 'sun/nio/fs/WindowsException'{0x00000000d55bfe18}> (0x00000000d55bfe18) 
thrown [s\src\hotspot\share\prims\jni.cpp, line 520]
Event: 839.973 Thread 0x00000228c2836330 Exception <a 'sun/nio/fs/WindowsException'{0x00000000d558a300}> (0x00000000d558a300) 
thrown [s\src\hotspot\share\prims\jni.cpp, line 520]
Event: 849.872 Thread 0x00000228c2836330 Exception <a 'sun/nio/fs/WindowsException'{0x00000000d55c4ff0}> (0x00000000d55c4ff0) 
thrown [s\src\hotspot\share\prims\jni.cpp, line 520]
Event: 851.110 Thread 0x00000228c2836330 Exception <a 'sun/nio/fs/WindowsException'{0x00000000d568eaf0}> (0x00000000d568eaf0) 
thrown [s\src\hotspot\share\prims\jni.cpp, line 520]
Event: 877.179 Thread 0x00000228c2836330 Exception <a 'sun/nio/fs/WindowsException'{0x00000000d5773438}> (0x00000000d5773438) 
thrown [s\src\hotspot\share\prims\jni.cpp, line 520]
Event: 877.691 Thread 0x00000228c2010e10 Implicit null exception at 0x00000228edbeae41 to 0x00000228edbeb658
Event: 878.148 Thread 0x00000228c2836330 Exception <a 'sun/nio/fs/WindowsException'{0x00000000d5600898}> (0x00000000d5600898) 
thrown [s\src\hotspot\share\prims\jni.cpp, line 520]
Event: 890.646 Thread 0x00000228c2836330 Exception <a 'sun/nio/fs/WindowsException'{0x00000000d5a1ecc8}> (0x00000000d5a1ecc8) 
thrown [s\src\hotspot\share\prims\jni.cpp, line 520]
Event: 891.602 Thread 0x00000228c2836330 Exception <a 'sun/nio/fs/WindowsException'{0x00000000d567d0c8}> (0x00000000d567d0c8) 
thrown [s\src\hotspot\share\prims\jni.cpp, line 520]
Event: 904.263 Thread 0x00000228c2836330 Exception <a 'sun/nio/fs/WindowsException'{0x00000000d573f378}> (0x00000000d573f378) 
thrown [s\src\hotspot\share\prims\jni.cpp, line 520]
Event: 905.184 Thread 0x00000228c2836330 Exception <a 'sun/nio/fs/WindowsException'{0x00000000d5a99218}> (0x00000000d5a99218) 
thrown [s\src\hotspot\share\prims\jni.cpp, line 520]
Event: 1111.141 Thread 0x00000228c16a9da0 Exception <a 'sun/nio/fs/WindowsException'{0x00000000d55ebba8}> (0x00000000d55ebba8) 
thrown [s\src\hotspot\share\prims\jni.cpp, line 520]
Event: 1111.141 Thread 0x00000228c16a9da0 Exception <a 'sun/nio/fs/WindowsException'{0x00000000d55ec698}> (0x00000000d55ec698) 
thrown [s\src\hotspot\share\prims\jni.cpp, line 520]

ZGC Phase Switch (0 events):
No events

VM Operations (20 events):
Event: 1112.007 Executing safepoint VM operation: Cleanup
Event: 1112.008 Executing safepoint VM operation: Cleanup done
Event: 1128.103 Executing safepoint VM operation: ParallelGCFailedAllocation (Allocation Failure)
Event: 1128.108 Executing safepoint VM operation: ParallelGCFailedAllocation (Allocation Failure) done
Event: 1129.741 Executing safepoint VM operation: ParallelGCFailedAllocation (Allocation Failure)
Event: 1129.745 Executing safepoint VM operation: ParallelGCFailedAllocation (Allocation Failure) done
Event: 1130.756 Executing safepoint VM operation: Cleanup
Event: 1130.756 Executing safepoint VM operation: Cleanup done
Event: 1142.969 Executing non-safepoint VM operation: HandshakeAllThreads (HandshakeForDeflation)
Event: 1142.969 Executing non-safepoint VM operation: HandshakeAllThreads (HandshakeForDeflation) done
Event: 1142.969 Executing non-safepoint VM operation: RendezvousGCThreads
Event: 1142.969 Executing non-safepoint VM operation: RendezvousGCThreads done
Event: 1194.431 Executing safepoint VM operation: Cleanup
Event: 1194.432 Executing safepoint VM operation: Cleanup done
Event: 1194.486 Executing safepoint VM operation: ParallelGCFailedAllocation (Allocation Failure)
Event: 1194.491 Executing safepoint VM operation: ParallelGCFailedAllocation (Allocation Failure) done
Event: 1196.136 Executing safepoint VM operation: ParallelGCFailedAllocation (Allocation Failure)
Event: 1196.142 Executing safepoint VM operation: ParallelGCFailedAllocation (Allocation Failure) done
Event: 1197.144 Executing safepoint VM operation: Cleanup
Event: 1197.144 Executing safepoint VM operation: Cleanup done

Memory protections (0 events):
No events

Nmethod flushes (20 events):
Event: 327.598 Thread 0x00000228e2899990 flushing  nmethod 0x00000228e6d23a90
Event: 327.598 Thread 0x00000228e2899990 flushing  nmethod 0x00000228e6d24c10
Event: 327.598 Thread 0x00000228e2899990 flushing  nmethod 0x00000228e6d26010
Event: 327.598 Thread 0x00000228e2899990 flushing  nmethod 0x00000228e6d26f10
Event: 327.598 Thread 0x00000228e2899990 flushing  nmethod 0x00000228e6d2be10
Event: 327.598 Thread 0x00000228e2899990 flushing  nmethod 0x00000228e6d2c810
Event: 327.598 Thread 0x00000228e2899990 flushing  nmethod 0x00000228e6d2da10
Event: 327.598 Thread 0x00000228e2899990 flushing  nmethod 0x00000228e6d31c90
Event: 327.598 Thread 0x00000228e2899990 flushing  nmethod 0x00000228e6d35790
Event: 327.598 Thread 0x00000228e2899990 flushing  nmethod 0x00000228e6d36590
Event: 327.598 Thread 0x00000228e2899990 flushing  nmethod 0x00000228e6d37610
Event: 327.598 Thread 0x00000228e2899990 flushing  nmethod 0x00000228e6d38890
Event: 327.598 Thread 0x00000228e2899990 flushing  nmethod 0x00000228e6d59310
Event: 327.598 Thread 0x00000228e2899990 flushing  nmethod 0x00000228e6d61610
Event: 327.598 Thread 0x00000228e2899990 flushing  nmethod 0x00000228e6d62810
Event: 327.598 Thread 0x00000228e2899990 flushing  nmethod 0x00000228e6d91410
Event: 327.598 Thread 0x00000228e2899990 flushing  nmethod 0x00000228e6d92110
Event: 327.598 Thread 0x00000228e2899990 flushing  nmethod 0x00000228e6d92590
Event: 327.598 Thread 0x00000228e2899990 flushing  nmethod 0x00000228e6d93090
Event: 327.598 Thread 0x00000228e2899990 flushing  nmethod 0x00000228e6d95d10

Events (20 events):
Event: 883.920 Thread 0x00000228c5a40f90 Thread exited: 0x00000228c5a40f90
Event: 891.122 Thread 0x00000228f925fe40 Thread added: 0x00000228c5a43870
Event: 891.269 Thread 0x00000228c5a43870 Thread exited: 0x00000228c5a43870
Event: 891.903 Thread 0x00000228f925fe40 Thread added: 0x00000228c5a3ed80
Event: 896.947 Thread 0x00000228c5a3ed80 Thread exited: 0x00000228c5a3ed80
Event: 904.518 Thread 0x00000228f925fe40 Thread added: 0x00000228c5a401f0
Event: 905.040 Thread 0x00000228c5a401f0 Thread exited: 0x00000228c5a401f0
Event: 964.532 Thread 0x00000228c2012850 Thread exited: 0x00000228c2012850
Event: 965.487 Thread 0x00000228c3aca450 Thread exited: 0x00000228c3aca450
Event: 965.498 Thread 0x00000228c2014920 Thread exited: 0x00000228c2014920
Event: 965.498 Thread 0x00000228c2010e10 Thread exited: 0x00000228c2010e10
Event: 1111.137 Thread 0x00000228c16a9da0 Thread added: 0x00000228c2010e10
Event: 1111.138 Thread 0x00000228c2010e10 Thread exited: 0x00000228c2010e10
Event: 1111.142 Thread 0x00000228c16a9da0 Thread added: 0x00000228c2010e10
Event: 1111.143 Thread 0x00000228c2010e10 Thread exited: 0x00000228c2010e10
Event: 1136.919 Thread 0x00000228c20121c0 Thread exited: 0x00000228c20121c0
Event: 1150.012 Thread 0x00000228c2013c00 Thread exited: 0x00000228c2013c00
Event: 1177.315 Thread 0x00000228c2010780 Thread exited: 0x00000228c2010780
Event: 1177.601 Thread 0x00000228c2015640 Thread exited: 0x00000228c2015640
Event: 1190.812 Thread 0x00000228c2012ee0 Thread exited: 0x00000228c2012ee0


Dynamic libraries:
0x00007ff61fd80000 - 0x00007ff61fd8e000 	c:\Users\APPLE\.cursor\extensions\redhat.java-1.53.0-win32-x64\jre\21.0.10-win32-x86_64\bin\java.exe
0x00007ffde7210000 - 0x00007ffde7408000 	C:\WINDOWS\SYSTEM32\ntdll.dll
0x00007ffde5af0000 - 0x00007ffde5bb2000 	C:\WINDOWS\System32\KERNEL32.DLL
0x00007ffde4f30000 - 0x00007ffde5226000 	C:\WINDOWS\System32\KERNELBASE.dll
0x00007ffdde160000 - 0x00007ffdde1f4000 	C:\WINDOWS\SYSTEM32\apphelp.dll
0x00007ffde4b80000 - 0x00007ffde4c80000 	C:\WINDOWS\System32\ucrtbase.dll
0x00007ffdd4a70000 - 0x00007ffdd4a88000 	c:\Users\APPLE\.cursor\extensions\redhat.java-1.53.0-win32-x64\jre\21.0.10-win32-x86_64\bin\jli.dll
0x00007ffdd4170000 - 0x00007ffdd418e000 	c:\Users\APPLE\.cursor\extensions\redhat.java-1.53.0-win32-x64\jre\21.0.10-win32-x86_64\bin\VCRUNTIME140.dll
0x00007ffde5940000 - 0x00007ffde5ae1000 	C:\WINDOWS\System32\USER32.dll
0x00007ffde4e10000 - 0x00007ffde4e32000 	C:\WINDOWS\System32\win32u.dll
0x00007ffde57d0000 - 0x00007ffde57fb000 	C:\WINDOWS\System32\GDI32.dll
0x00007ffdd57b0000 - 0x00007ffdd5a4b000 	C:\WINDOWS\WinSxS\amd64_microsoft.windows.common-controls_6595b64144ccf1df_6.0.19041.6456_none_60b8a6cb71f64256\COMCTL32.dll
0x00007ffde48a0000 - 0x00007ffde49b9000 	C:\WINDOWS\System32\gdi32full.dll
0x00007ffde6b30000 - 0x00007ffde6bce000 	C:\WINDOWS\System32\msvcrt.dll
0x00007ffde4e40000 - 0x00007ffde4edd000 	C:\WINDOWS\System32\msvcp_win.dll
0x00007ffde5340000 - 0x00007ffde536f000 	C:\WINDOWS\System32\IMM32.DLL
0x00007ffddee30000 - 0x00007ffddee3c000 	c:\Users\APPLE\.cursor\extensions\redhat.java-1.53.0-win32-x64\jre\21.0.10-win32-x86_64\bin\vcruntime140_1.dll
0x00007ffdbc000000 - 0x00007ffdbc08d000 	c:\Users\APPLE\.cursor\extensions\redhat.java-1.53.0-win32-x64\jre\21.0.10-win32-x86_64\bin\msvcp140.dll
0x00007ffd8af30000 - 0x00007ffd8bcd1000 	c:\Users\APPLE\.cursor\extensions\redhat.java-1.53.0-win32-x64\jre\21.0.10-win32-x86_64\bin\server\jvm.dll
0x00007ffde5370000 - 0x00007ffde5421000 	C:\WINDOWS\System32\ADVAPI32.dll
0x00007ffde5800000 - 0x00007ffde589f000 	C:\WINDOWS\System32\sechost.dll
0x00007ffde5560000 - 0x00007ffde5680000 	C:\WINDOWS\System32\RPCRT4.dll
0x00007ffde4c80000 - 0x00007ffde4ca7000 	C:\WINDOWS\System32\bcrypt.dll
0x00007ffde5760000 - 0x00007ffde57cb000 	C:\WINDOWS\System32\WS2_32.dll
0x00007ffde3df0000 - 0x00007ffde3e3b000 	C:\WINDOWS\SYSTEM32\POWRPROF.dll
0x00007ffddb1c0000 - 0x00007ffddb1e7000 	C:\WINDOWS\SYSTEM32\WINMM.dll
0x00007ffddc550000 - 0x00007ffddc55a000 	C:\WINDOWS\SYSTEM32\VERSION.dll
0x00007ffde3c60000 - 0x00007ffde3c72000 	C:\WINDOWS\SYSTEM32\UMPDC.dll
0x00007ffde2720000 - 0x00007ffde2732000 	C:\WINDOWS\SYSTEM32\kernel.appcore.dll
0x00007ffddcb50000 - 0x00007ffddcb5a000 	c:\Users\APPLE\.cursor\extensions\redhat.java-1.53.0-win32-x64\jre\21.0.10-win32-x86_64\bin\jimage.dll
0x00007ffde1800000 - 0x00007ffde1a01000 	C:\WINDOWS\SYSTEM32\DBGHELP.DLL
0x00007ffdcc2d0000 - 0x00007ffdcc304000 	C:\WINDOWS\SYSTEM32\dbgcore.DLL
0x00007ffde4af0000 - 0x00007ffde4b72000 	C:\WINDOWS\System32\bcryptPrimitives.dll
0x00007ffddc170000 - 0x00007ffddc17f000 	c:\Users\APPLE\.cursor\extensions\redhat.java-1.53.0-win32-x64\jre\21.0.10-win32-x86_64\bin\instrument.dll
0x00007ffdc9d50000 - 0x00007ffdc9d70000 	c:\Users\APPLE\.cursor\extensions\redhat.java-1.53.0-win32-x64\jre\21.0.10-win32-x86_64\bin\java.dll
0x00007ffde5d90000 - 0x00007ffde6500000 	C:\WINDOWS\System32\SHELL32.dll
0x00007ffde28d0000 - 0x00007ffde3075000 	C:\WINDOWS\SYSTEM32\windows.storage.dll
0x00007ffde6c00000 - 0x00007ffde6f54000 	C:\WINDOWS\System32\combase.dll
0x00007ffde41f0000 - 0x00007ffde421b000 	C:\WINDOWS\SYSTEM32\Wldp.dll
0x00007ffde5680000 - 0x00007ffde574d000 	C:\WINDOWS\System32\OLEAUT32.dll
0x00007ffde5ce0000 - 0x00007ffde5d8d000 	C:\WINDOWS\System32\SHCORE.dll
0x00007ffde6f60000 - 0x00007ffde6fbb000 	C:\WINDOWS\System32\shlwapi.dll
0x00007ffde47d0000 - 0x00007ffde47f4000 	C:\WINDOWS\SYSTEM32\profapi.dll
0x00007ffdc9b80000 - 0x00007ffdc9b98000 	c:\Users\APPLE\.cursor\extensions\redhat.java-1.53.0-win32-x64\jre\21.0.10-win32-x86_64\bin\zip.dll
0x00007ffddbe40000 - 0x00007ffddbe50000 	C:\Users\APPLE\.cursor\extensions\redhat.java-1.53.0-win32-x64\jre\21.0.10-win32-x86_64\bin\net.dll
0x00007ffdde220000 - 0x00007ffdde32a000 	C:\WINDOWS\SYSTEM32\WINHTTP.dll
0x00007ffde3fd0000 - 0x00007ffde403a000 	C:\WINDOWS\system32\mswsock.dll
0x00007ffdc9b30000 - 0x00007ffdc9b46000 	C:\Users\APPLE\.cursor\extensions\redhat.java-1.53.0-win32-x64\jre\21.0.10-win32-x86_64\bin\nio.dll
0x00007ffddbdf0000 - 0x00007ffddbe00000 	c:\Users\APPLE\.cursor\extensions\redhat.java-1.53.0-win32-x64\jre\21.0.10-win32-x86_64\bin\verify.dll
0x00007ffdbfae0000 - 0x00007ffdbfb25000 	C:\Users\APPLE\AppData\Roaming\Cursor\User\globalStorage\redhat.java\1.53.0\config_win\org.eclipse.equinox.launcher\org.eclipse.equinox.launcher.win32.win32.x86_64_1.3.0.v20260203-2149\eclipse_11919.dll
0x00007ffde5430000 - 0x00007ffde555b000 	C:\WINDOWS\System32\ole32.dll
0x00007ffdd9bc0000 - 0x00007ffdd9bca000 	C:\Users\APPLE\.cursor\extensions\redhat.java-1.53.0-win32-x64\jre\21.0.10-win32-x86_64\bin\management.dll
0x00007ffdd8d80000 - 0x00007ffdd8d8c000 	C:\Users\APPLE\.cursor\extensions\redhat.java-1.53.0-win32-x64\jre\21.0.10-win32-x86_64\bin\management_ext.dll
0x00007ffde5750000 - 0x00007ffde5758000 	C:\WINDOWS\System32\PSAPI.DLL
0x00007ffde4540000 - 0x00007ffde4558000 	C:\WINDOWS\SYSTEM32\CRYPTSP.dll
0x00007ffde38a0000 - 0x00007ffde38d8000 	C:\WINDOWS\system32\rsaenh.dll
0x00007ffde4750000 - 0x00007ffde477e000 	C:\WINDOWS\SYSTEM32\USERENV.dll
0x00007ffde4160000 - 0x00007ffde416c000 	C:\WINDOWS\SYSTEM32\CRYPTBASE.dll
0x00007ffde3c80000 - 0x00007ffde3cbb000 	C:\WINDOWS\SYSTEM32\IPHLPAPI.DLL
0x00007ffde58a0000 - 0x00007ffde58a8000 	C:\WINDOWS\System32\NSI.dll
0x00007ffdb8570000 - 0x00007ffdb85b9000 	C:\Users\APPLE\AppData\Local\Temp\jna-62491450\jna18247537475958777544.dll
0x00007ffddfd20000 - 0x00007ffddfd37000 	C:\WINDOWS\SYSTEM32\dhcpcsvc6.DLL
0x00007ffddfd00000 - 0x00007ffddfd1d000 	C:\WINDOWS\SYSTEM32\dhcpcsvc.DLL
0x00007ffdd5170000 - 0x00007ffdd517e000 	C:\Users\APPLE\.cursor\extensions\redhat.java-1.53.0-win32-x64\jre\21.0.10-win32-x86_64\bin\sunmscapi.dll
0x00007ffde4cb0000 - 0x00007ffde4e0d000 	C:\WINDOWS\System32\CRYPT32.dll
0x00007ffde4260000 - 0x00007ffde4287000 	C:\WINDOWS\SYSTEM32\ncrypt.dll
0x00007ffde4220000 - 0x00007ffde425b000 	C:\WINDOWS\SYSTEM32\NTASN1.dll
0x00007ffde3cd0000 - 0x00007ffde3d9a000 	C:\WINDOWS\SYSTEM32\DNSAPI.dll
0x00007ffdd9610000 - 0x00007ffdd961a000 	C:\Windows\System32\rasadhlp.dll
0x00007ffdda0d0000 - 0x00007ffdda150000 	C:\WINDOWS\System32\fwpuclnt.dll
0x00007ffdd50c0000 - 0x00007ffdd50c9000 	C:\Users\APPLE\.cursor\extensions\redhat.java-1.53.0-win32-x64\jre\21.0.10-win32-x86_64\bin\extnet.dll
0x00007ffde3af0000 - 0x00007ffde3b23000 	C:\WINDOWS\SYSTEM32\ntmarta.dll

JVMTI agents:
c:\Users\APPLE\.cursor\extensions\redhat.java-1.53.0-win32-x64\lombok\lombok-1.18.39-4050.jar path:c:\Users\APPLE\.cursor\extensions\redhat.java-1.53.0-win32-x64\jre\21.0.10-win32-x86_64\bin\instrument.dll, loaded, initialized, instrumentlib options:none

dbghelp: loaded successfully - version: 4.0.5 - missing functions: none
symbol engine: initialized successfully - sym options: 0x614 - pdb path: .;c:\Users\APPLE\.cursor\extensions\redhat.java-1.53.0-win32-x64\jre\21.0.10-win32-x86_64\bin;C:\WINDOWS\SYSTEM32;C:\WINDOWS\WinSxS\amd64_microsoft.windows.common-controls_6595b64144ccf1df_6.0.19041.6456_none_60b8a6cb71f64256;c:\Users\APPLE\.cursor\extensions\redhat.java-1.53.0-win32-x64\jre\21.0.10-win32-x86_64\bin\server;C:\Users\APPLE\AppData\Roaming\Cursor\User\globalStorage\redhat.java\1.53.0\config_win\org.eclipse.equinox.launcher\org.eclipse.equinox.launcher.win32.win32.x86_64_1.3.0.v20260203-2149;C:\Users\APPLE\AppData\Local\Temp\jna-62491450

VM Arguments:
jvm_args: --add-modules=ALL-SYSTEM --add-opens=java.base/java.util=ALL-UNNAMED --add-opens=java.base/java.lang=ALL-UNNAMED --add-opens=java.base/sun.nio.fs=ALL-UNNAMED -Declipse.application=org.eclipse.jdt.ls.core.id1 -Dosgi.bundles.defaultStartLevel=4 -Declipse.product=org.eclipse.jdt.ls.core.product -Djava.import.generatesMetadataFilesAtProjectRoot=false -DDetectVMInstallationsJob.disabled=true -Dfile.encoding=utf8 -XX:+UseParallelGC -XX:GCTimeRatio=4 -XX:AdaptiveSizePolicyWeight=90 -Dsun.zip.disableMemoryMapping=true -Xmx2G -Xms100m -Xlog:disable -javaagent:c:\Users\APPLE\.cursor\extensions\redhat.java-1.53.0-win32-x64\lombok\lombok-1.18.39-4050.jar -XX:+HeapDumpOnOutOfMemoryError -XX:HeapDumpPath=c:\Users\APPLE\AppData\Roaming\Cursor\User\workspaceStorage\8a7eab98c4f7222ef4ec29a4cf425f98\redhat.java -Daether.dependencyCollector.impl=bf 
java_command: c:\Users\APPLE\.cursor\extensions\redhat.java-1.53.0-win32-x64\server\plugins\org.eclipse.equinox.launcher_1.7.100.v20251111-0406.jar -configuration c:\Users\APPLE\AppData\Roaming\Cursor\User\globalStorage\redhat.java\1.53.0\config_win -data c:\Users\APPLE\AppData\Roaming\Cursor\User\workspaceStorage\8a7eab98c4f7222ef4ec29a4cf425f98\redhat.java\jdt_ws --pipe=\\.\pipe\lsp-8f5d98a5ee9c97edeb0fcf7f818b898f-sock
java_class_path (initial): c:\Users\APPLE\.cursor\extensions\redhat.java-1.53.0-win32-x64\server\plugins\org.eclipse.equinox.launcher_1.7.100.v20251111-0406.jar
Launcher Type: SUN_STANDARD

[Global flags]
    uintx AdaptiveSizePolicyWeight                 = 90                                        {product} {command line}
     intx CICompilerCount                          = 4                                         {product} {ergonomic}
    uintx GCTimeRatio                              = 4                                         {product} {command line}
     bool HeapDumpOnOutOfMemoryError               = true                                   {manageable} {command line}
    ccstr HeapDumpPath                             = c:\Users\APPLE\AppData\Roaming\Cursor\User\workspaceStorage\8a7eab98c4f7222ef4ec29a4cf425f98\redhat.java         {manageable} {command line}
   size_t InitialHeapSize                          = 104857600                                 {product} {command line}
   size_t MaxHeapSize                              = 2147483648                                {product} {command line}
   size_t MaxNewSize                               = 715653120                                 {product} {ergonomic}
   size_t MinHeapDeltaBytes                        = 524288                                    {product} {ergonomic}
   size_t MinHeapSize                              = 104857600                                 {product} {command line}
   size_t NewSize                                  = 34603008                                  {product} {ergonomic}
    uintx NonNMethodCodeHeapSize                   = 5839372                                {pd product} {ergonomic}
    uintx NonProfiledCodeHeapSize                  = 122909434                              {pd product} {ergonomic}
   size_t OldSize                                  = 70254592                                  {product} {ergonomic}
    uintx ProfiledCodeHeapSize                     = 122909434                              {pd product} {ergonomic}
    uintx ReservedCodeCacheSize                    = 251658240                              {pd product} {ergonomic}
     bool SegmentedCodeCache                       = true                                      {product} {ergonomic}
   size_t SoftMaxHeapSize                          = 2147483648                             {manageable} {ergonomic}
     bool UseCompressedOops                        = true                           {product lp64_product} {ergonomic}
     bool UseLargePagesIndividualAllocation        = false                                  {pd product} {ergonomic}
     bool UseParallelGC                            = true                                      {product} {command line}

Logging:
Log output configuration:
 #0: stdout all=off uptime,level,tags foldmultilines=false
 #1: stderr all=off uptime,level,tags foldmultilines=false

Release file:
JAVA_VERSION="21.0.10" 
MODULES="java.base java.compiler java.datatransfer java.xml java.prefs java.desktop java.instrument java.logging java.management java.security.sasl java.naming java.rmi java.management.rmi java.net.http java.scripting java.security.jgss java.transaction.xa java.sql java.sql.rowset java.xml.crypto java.se java.smartcardio jdk.accessibility jdk.internal.jvmstat jdk.attach jdk.charsets jdk.internal.opt jdk.zipfs jdk.compiler jdk.crypto.ec jdk.crypto.cryptoki jdk.crypto.mscapi jdk.dynalink jdk.internal.ed jdk.editpad jdk.hotspot.agent jdk.httpserver jdk.internal.le jdk.internal.vm.ci jdk.internal.vm.compiler jdk.internal.vm.compiler.management jdk.jartool jdk.javadoc jdk.jcmd jdk.management jdk.management.agent jdk.jconsole jdk.jdeps jdk.jdwp.agent jdk.jdi jdk.jfr jdk.jshell jdk.jsobject jdk.jstatd jdk.localedata jdk.management.jfr jdk.naming.dns jdk.naming.rmi jdk.net jdk.nio.mapmode jdk.random jdk.sctp jdk.security.auth jdk.security.jgss jdk.unsupported jdk.unsupported.desktop jdk.xml.dom" 

Environment Variables:
JAVA_HOME=C:\Program Files\Java\jdk-22
PATH=C:\Program Files\Common Files\Oracle\Java\javapath;C:\Program Files (x86)\VMware\VMware Workstation\bin\;C:\Program Files (x86)\Intel\iCLS Client\;C:\Program Files\Intel\iCLS Client\;C:\WINDOWS\system32;C:\WINDOWS;C:\WINDOWS\System32\Wbem;C:\WINDOWS\System32\WindowsPowerShell\v1.0\;C:\WINDOWS\System32\OpenSSH\;C:\Program Files\Intel\Intel(R) Management Engine Components\DAL;C:\Program Files (x86)\Intel\Intel(R) Management Engine Components\DAL;C:\Program Files\Intel\Intel(R) Management Engine Components\IPT;C:\Program Files (x86)\Intel\Intel(R) Management Engine Components\IPT;C:\Program Files (x86)\Microsoft SQL Server\160\Tools\Binn\;C:\Program Files\Microsoft SQL Server\160\Tools\Binn\;C:\Program Files\Microsoft SQL Server\Client SDK\ODBC\170\Tools\Binn\;C:\Program Files\Microsoft SQL Server\160\DTS\Binn\;C:\Program Files (x86)\Microsoft SQL Server\160\DTS\Binn\;C:\Program Files\Microsoft SQL Server\150\Tools\Binn\;C:\Program Files\Git\cmd;C:\Program Files\Java\jdk-22\bin;C:\Users\APPLE\Documents\LapTrinhWeb\Setup\apache-maven-3.9.11\bin;C:\Program Files\dotnet\;;C:\Program Files\Docker\Docker\resources\bin;c:\Users\APPLE\AppData\Local\Programs\cursor\resources\app\codeBin;C:\Program Files\MySQL\MySQL Shell 8.0\bin\;C:\Users\APPLE\AppData\Local\Programs\Python\Python313\Scripts\;C:\Users\APPLE\AppData\Local\Programs\Python\Python313\;C:\Users\APPLE\AppData\Local\Microsoft\WindowsApps;C:\Program Files\Azure Data Studio\bin;C:\ProgramData\APPLE\GitHubDesktop\bin;C:\Users\APPLE\AppData\Local\GitHubDesktop\bin;C:\Users\APPLE\AppData\Local\Programs\Microsoft VS Code\bin;C:\Users\APPLE\.dotnet\tools;C:\Users\APPLE\AppData\Local\Programs\cursor\resources\app\bin;C:\Users\APPLE\AppData\Local\Programs\Antigravity\bin
USERNAME=APPLE
OS=Windows_NT
PROCESSOR_IDENTIFIER=Intel64 Family 6 Model 58 Stepping 9, GenuineIntel
TMP=C:\Users\APPLE\AppData\Local\Temp
TEMP=C:\Users\APPLE\AppData\Local\Temp




Periodic native trim disabled

---------------  S Y S T E M  ---------------

OS:
 Windows 10 , 64 bit Build 19041 (10.0.19041.5915)
OS uptime: 0 days 5:07 hours
Hyper-V role detected

CPU: total 8 (initial active 8) (4 cores per cpu, 2 threads per core) family 6 model 58 stepping 9 microcode 0x21, cx8, cmov, fxsr, ht, mmx, sse, sse2, sse3, ssse3, sse4.1, sse4.2, popcnt, tsc, tscinvbit, avx, aes, erms, clmul, vzeroupper, clflush, hv, rdtscp, f16c
Processor Information for the first 8 processors :
  Max Mhz: 2401, Current Mhz: 1900, Mhz Limit: 1896

Memory: 4k page, system-wide physical 8098M (439M free)
TotalPageFile size 11600M (AvailPageFile size 12M)
current process WorkingSet (physical memory assigned to process): 1520M, peak: 1578M
current process commit charge ("private bytes"): 1557M, peak: 1562M

vm_info: OpenJDK 64-Bit Server VM (21.0.10+7-LTS) for windows-amd64 JRE (21.0.10+7-LTS), built on 2026-01-20T00:00:00Z by "admin" with MS VC++ 17.12 (VS2022)

END.
